17:51:43 HHC01413I Hercules version 4.00
17:51:43 HHC01414I (c) Copyright 1999-2012 by Roger Bowler, Jan Jaeger, and others
17:51:43 HHC01415I Built on Jun 26 2016 at 22:04:26
17:51:43 HHC01416I Build information:
17:51:43 HHC01417I Windows (MSVC) build for AMD64
17:51:43 HHC01417I Hercules for TK4- (64-bit Windows)
17:51:43 HHC01417I Modes: S/370 ESA/390 z/Arch
17:51:43 HHC01417I Max CPU Engines: 8
17:51:43 HHC01417I Using   fthreads Threading Model
17:51:43 HHC01417I Using   Error-Checking Mutex Locking Model
17:51:43 HHC01417I Using   FishIO
17:51:43 HHC01417I With    Dynamic loading support
17:51:43 HHC01417I Using   shared libraries
17:51:43 HHC01417I With    External GUI support
17:51:43 HHC01417I With    IPV6 support
17:51:43 HHC01417I With    HTTP Server support
17:51:43 HHC01417I With    sqrtl support
17:51:43 HHC01417I Without SIGABEND handler
17:51:43 HHC01417I With    CCKD BZIP2 support
17:51:43 HHC01417I With    HET BZIP2 support
17:51:43 HHC01417I With    ZLIB support
17:51:43 HHC01417I With    Regular Expressions support
17:51:43 HHC01417I Without Object REXX support
17:51:43 HHC01417I Without Regina REXX support
17:51:43 HHC01417I With    Automatic Operator support
17:51:43 HHC01417I Without National Language Support
17:51:43 HHC01417I Machine dependent assists: cmpxchg1 cmpxchg4 cmpxchg8
17:51:43 HHC01417I Running on PRINCIPAL Windows-6.2.9200.  unknown 64-bit, AMD(R) x64 LP=12, Cores=6, CPUs=1
17:51:43 HHC00100I Thread id 0000312C, prio 15, name Processor CP00 started
17:51:43 HHC00100I Thread id 00006020, prio -20, name Timer started
17:51:43 HHC00811I Processor CP00: architecture mode z/Arch
17:51:43 HHC01802I HTTP server using root directory C:/tk4/hercules/httproot/
17:51:43 HHC01807I HTTP server signaled to start
17:51:43 HHC00100I Thread id 00000F44, prio  0, name HTTP server started
17:51:43 HHC00100I Thread id 00006A64, prio 15, name Processor CP01 started
17:51:43 HHC01802I HTTP server using root directory C:/tk4/hercules/httproot/
17:51:43 HHC00811I Processor CP01: architecture mode z/Arch
17:51:43 HHC01803I HTTP server waiting for requests on port 8038
17:51:43 HHC01042I 0:000C COMM: device bound to socket 3505
17:51:43 HHC00100I Thread id 000073D4, prio  0, name Socket device listener started
17:51:43 HHC01437I Config file[45] conf/tk4-.cnf: including file conf/intcons.cnf
17:51:43 HHC00100I Thread id 0000315C, prio  0, name Console connection started
17:51:43 HHC01024I Waiting for console connections on port 3270
17:51:43 HHC01437I Config file[71] conf/tk4-.cnf: including file conf/tk4-_default.cnf
17:51:45 HHC00971I 0:0610 CTC: connect to 127.0.0.1:18610 failed, starting server
17:51:47 HHC00971I 0:0611 CTC: connect to 127.0.0.1:18611 failed, starting server
17:51:47 HHC01004I 0:0660 COMM: listening on port 37051 for incoming TCP connections
17:51:47 HHC00100I Thread id 00005190, prio  0, name 3705 device(1:0660) thread started
17:51:47 HHC01004I 0:0661 COMM: listening on port 37052 for incoming TCP connections
17:51:47 HHC00100I Thread id 000027A0, prio  0, name 3705 device(1:0661) thread started
17:51:47 HHC01004I 0:0662 COMM: listening on port 37053 for incoming TCP connections
17:51:47 HHC00100I Thread id 00000BD4, prio  0, name 3705 device(1:0662) thread started
17:51:47 HHC01004I 0:0663 COMM: listening on port 37054 for incoming TCP connections
17:51:47 HHC00100I Thread id 00002340, prio  0, name 3705 device(1:0663) thread started
17:51:47 HHC01004I 0:0664 COMM: listening on port 37055 for incoming TCP connections
17:51:47 HHC00100I Thread id 00006570, prio  0, name 3705 device(1:0664) thread started
17:51:47 HHC01004I 0:0665 COMM: listening on port 37056 for incoming TCP connections
17:51:47 HHC00100I Thread id 00005550, prio  0, name 3705 device(1:0665) thread started
17:51:47 HHC01004I 0:0666 COMM: listening on port 37057 for incoming TCP connections
17:51:47 HHC00100I Thread id 00004900, prio  0, name 3705 device(1:0666) thread started
17:51:47 HHC01004I 0:0667 COMM: listening on port 37058 for incoming TCP connections
17:51:47 HHC00100I Thread id 00003F70, prio  0, name 3705 device(1:0667) thread started
17:51:47 HHC01004I 0:0668 COMM: listening on port 37911 for incoming TCP connections
17:51:47 HHC00100I Thread id 00004154, prio  0, name 3705 device(1:0668) thread started
17:51:47 HHC01004I 0:0669 COMM: listening on port 37912 for incoming TCP connections
17:51:47 HHC00100I Thread id 0000387C, prio  0, name 3705 device(1:0669) thread started
17:51:47 HHC01004I 0:066A COMM: listening on port 37913 for incoming TCP connections
17:51:47 HHC00100I Thread id 000064A0, prio  0, name 3705 device(1:066A) thread started
17:51:47 HHC01004I 0:066B COMM: listening on port 37914 for incoming TCP connections
17:51:47 HHC00100I Thread id 00005498, prio  0, name 3705 device(1:066B) thread started
17:51:47 HHC00100I Thread id 00005794, prio  0, name 0:0670 communication thread started
17:51:47 HHC01004I 0:0670 COMM: listening on port 37801 for incoming TCP connections
17:51:47 HHC00100I Thread id 00005808, prio  0, name 0:0671 communication thread started
17:51:47 HHC01004I 0:0671 COMM: listening on port 37802 for incoming TCP connections
17:51:47 HHC00100I Thread id 0000555C, prio  0, name 0:0672 communication thread started
17:51:47 HHC01004I 0:0672 COMM: listening on port 37803 for incoming TCP connections
17:51:47 HHC00100I Thread id 00003250, prio  0, name 0:0673 communication thread started
17:51:47 HHC01004I 0:0673 COMM: listening on port 37804 for incoming TCP connections
17:51:47 HHC00100I Thread id 00006664, prio  0, name 0:0680 communication thread started
17:51:47 HHC01004I 0:0680 COMM: listening on port 33351 for incoming TCP connections
17:51:47 HHC00100I Thread id 00000964, prio  0, name 0:0681 communication thread started
17:51:47 HHC01004I 0:0681 COMM: listening on port 33352 for incoming TCP connections
17:51:47 HHC00100I Thread id 00004934, prio  0, name 0:0682 communication thread started
17:51:47 HHC01004I 0:0682 COMM: listening on port 33353 for incoming TCP connections
17:51:47 HHC00100I Thread id 00000210, prio  0, name 0:0683 communication thread started
17:51:47 HHC01004I 0:0683 COMM: listening on port 33354 for incoming TCP connections
17:51:47 HHC00100I Thread id 00004AC8, prio  0, name 0:0688 communication thread started
17:51:47 HHC01004I 0:0688 COMM: listening on port 27411 for incoming TCP connections
17:51:47 HHC00100I Thread id 00005E40, prio  0, name 0:0689 communication thread started
17:51:47 HHC01004I 0:0689 COMM: listening on port 27412 for incoming TCP connections
17:51:47 HHC00100I Thread id 000035BC, prio  0, name 0:068A communication thread started
17:51:47 HHC01004I 0:068A COMM: listening on port 27413 for incoming TCP connections
17:51:47 HHC00100I Thread id 00006628, prio  0, name 0:068B communication thread started
17:51:47 HHC01004I 0:068B COMM: listening on port 27414 for incoming TCP connections
17:51:47 HHC00100I Thread id 0000305C, prio  0, name 0:068C communication thread started
17:51:47 HHC01004I 0:068C COMM: listening on port 27415 for incoming TCP connections
17:51:47 HHC00100I Thread id 00004778, prio  0, name 0:068D communication thread started
17:51:47 HHC01004I 0:068D COMM: listening on port 27416 for incoming TCP connections
17:51:47 HHC00100I Thread id 00006A0C, prio  0, name 0:068E communication thread started
17:51:47 HHC01004I 0:068E COMM: listening on port 27417 for incoming TCP connections
17:51:47 HHC00100I Thread id 00002C60, prio  0, name 0:068F communication thread started
17:51:47 HHC01004I 0:068F COMM: listening on port 27418 for incoming TCP connections
17:51:47 HHC00414I 0:0152 CKD file dasd/hasp00.152: cyls 411 heads 19 tracks 7809 trklen 13312
17:51:47 HHC00414I 0:0191 CKD file dasd/mvscat.191: cyls 1114 heads 15 tracks 16710 trklen 56832
17:51:47 HHC00414I 0:0248 CKD file dasd/mvsdlb.248: cyls 560 heads 30 tracks 16800 trklen 19456
17:51:47 HHC00414I 0:0148 CKD file dasd/mvsres.148: cyls 560 heads 30 tracks 16800 trklen 19456
17:51:47 HHC00414I 0:0160 CKD file dasd/page00.160: cyls 698 heads 12 tracks 8376 trklen 8704
17:51:47 HHC00414I 0:0161 CKD file dasd/page01.161: cyls 698 heads 12 tracks 8376 trklen 8704
17:51:47 HHC00414I 0:0240 CKD file dasd/pub000.240: cyls 560 heads 30 tracks 16800 trklen 19456
17:51:47 HHC00414I 0:0241 CKD file dasd/pub010.241: cyls 560 heads 30 tracks 16800 trklen 19456
17:51:47 HHC00414I 0:0270 CKD file dasd/pub001.270: cyls 960 heads 12 tracks 11520 trklen 35840
17:51:47 HHC00414I 0:0271 CKD file dasd/pub011.271: cyls 960 heads 12 tracks 11520 trklen 35840
17:51:47 HHC00414I 0:0280 CKD file dasd/pub002.280: cyls 1772 heads 15 tracks 26580 trklen 47616
17:51:47 HHC00414I 0:0281 CKD file dasd/pub012.281: cyls 1772 heads 15 tracks 26580 trklen 47616
17:51:47 HHC00414I 0:0290 CKD file dasd/pub003.290: cyls 1114 heads 15 tracks 16710 trklen 56832
17:51:47 HHC00414I 0:0291 CKD file dasd/pub013.291: cyls 2047 heads 15 tracks 30705 trklen 56832
17:51:47 HHC00414I 0:0149 CKD file dasd/smp001.149: cyls 560 heads 30 tracks 16800 trklen 19456
17:51:47 HHC00414I 0:014A CKD file dasd/smp002.14a: cyls 560 heads 30 tracks 16800 trklen 19456
17:51:47 HHC00414I 0:014B CKD file dasd/smp003.14b: cyls 560 heads 30 tracks 16800 trklen 19456
17:51:47 HHC00414I 0:014C CKD file dasd/smp004.14c: cyls 560 heads 30 tracks 16800 trklen 19456
17:51:47 HHC00414I 0:0131 CKD file dasd/sort01.131: cyls 203 heads 20 tracks 4060 trklen 7680
17:51:47 HHC00414I 0:0132 CKD file dasd/sort02.132: cyls 203 heads 20 tracks 4060 trklen 7680
17:51:47 HHC00414I 0:0133 CKD file dasd/sort03.133: cyls 203 heads 20 tracks 4060 trklen 7680
17:51:47 HHC00414I 0:0134 CKD file dasd/sort04.134: cyls 203 heads 20 tracks 4060 trklen 7680
17:51:47 HHC00414I 0:0135 CKD file dasd/sort05.135: cyls 203 heads 20 tracks 4060 trklen 7680
17:51:47 HHC00414I 0:0136 CKD file dasd/sort06.136: cyls 203 heads 20 tracks 4060 trklen 7680
17:51:47 HHC00414I 0:0140 CKD file dasd/work00.140: cyls 560 heads 30 tracks 16800 trklen 19456
17:51:47 HHC00414I 0:0170 CKD file dasd/work01.170: cyls 960 heads 12 tracks 11520 trklen 35840
17:51:47 HHC00414I 0:0180 CKD file dasd/work02.180: cyls 886 heads 15 tracks 13290 trklen 47616
17:51:47 HHC00414I 0:0190 CKD file dasd/work03.190: cyls 1114 heads 15 tracks 16710 trklen 56832
17:51:47 HHC01437I Config file[106] conf/tk4-.cnf: including file conf/cbt_dasd.cnf
17:51:47 HHC01437I Config file[110] conf/tk4-.cnf: including file conf/source_dasd.cnf
17:51:47 HHC01437I Config file[114] conf/tk4-.cnf: including file conf/tk4-_updates.cnf
17:51:47 HHC01437I Config file[10] conf/tk4-.cnf: including file conf/tk4-_updates/01
17:51:47 HHC01437I Config file[11] conf/tk4-.cnf: including file conf/tk4-_updates/02
17:51:47 HHC01437I Config file[12] conf/tk4-.cnf: including file conf/tk4-_updates/03
17:51:47 HHC01437I Config file[13] conf/tk4-.cnf: including file conf/tk4-_updates/04
17:51:47 HHC01437I Config file[14] conf/tk4-.cnf: including file conf/tk4-_updates/05
17:51:47 HHC01437I Config file[15] conf/tk4-.cnf: including file conf/tk4-_updates/06
17:51:47 HHC01437I Config file[16] conf/tk4-.cnf: including file conf/tk4-_updates/07
17:51:47 HHC01437I Config file[17] conf/tk4-.cnf: including file conf/tk4-_updates/08
17:51:47 HHC01437I Config file[18] conf/tk4-.cnf: including file conf/tk4-_updates/09
17:51:47 HHC01437I Config file[19] conf/tk4-.cnf: including file conf/tk4-_updates/10
17:51:47 HHC01437I Config file[118] conf/tk4-.cnf: including file conf/local.cnf
17:51:47 HHC01437I Config file[10] conf/tk4-.cnf: including file local_conf/01
17:51:47 HHC01437I Config file[11] conf/tk4-.cnf: including file local_conf/02
17:51:47 HHC01437I Config file[12] conf/tk4-.cnf: including file local_conf/03
17:51:47 HHC01437I Config file[13] conf/tk4-.cnf: including file local_conf/04
17:51:47 HHC01437I Config file[14] conf/tk4-.cnf: including file local_conf/05
17:51:47 HHC01437I Config file[15] conf/tk4-.cnf: including file local_conf/06
17:51:47 HHC01437I Config file[16] conf/tk4-.cnf: including file local_conf/07
17:51:47 HHC01437I Config file[17] conf/tk4-.cnf: including file local_conf/08
17:51:47 HHC01437I Config file[18] conf/tk4-.cnf: including file local_conf/09
17:51:47 HHC01437I Config file[19] conf/tk4-.cnf: including file local_conf/10
17:51:47 HHC00100I Thread id 000013FC, prio  0, name Control panel started
17:51:47 HHC02260I Script 1: begin processing file scripts/ipl.rc
17:51:47 HHC01603I hao tgt MVS038J
17:51:47 HHC00077I The target was placed at index 0
17:51:47 HHC01603I hao cmd script scripts/tk4-.rc
17:51:47 HHC00077I The command was placed at index 0
17:51:47 HHC01603I hao tgt IEA101A
17:51:47 HHC00077I The target was placed at index 1
17:51:47 HHC01603I hao cmd script ${SCR101A:=scripts}/SCR101A_${REP101A:=default}${CMD101A}
17:51:47 HHC00100I Thread id 00001EB0, prio  0, name Hercules Automatic Operator started
17:51:47 HHC00077I The command was placed at index 1
17:51:47 HHC01603I hao tgt IEA305A
17:51:47 HHC00077I The target was placed at index 2
17:51:47 HHC01603I hao cmd script ${SCR101A:=scripts}/SCR101A_${REP101A:=default}${CMD101A}
17:51:47 HHC00077I The command was placed at index 2
17:51:47 HHC01603I * pausing for a few seconds, please stand by.
17:51:51 HHC01603I ipl 148
17:51:51 HHC01603I * pausing for a few seconds, please stand by.
17:51:51 HHC00811I Processor CP00: architecture mode S/370
17:51:51 HHC00814I Processor CP00: SIGP Initial program reset            (07) CP01, PARM 00000000: CC 0
17:51:51 HHC00811I Processor CP01: architecture mode S/370
17:51:51 HHC00814I Processor CP00: SIGP Restart                          (06) CP01, PARM 00000000: CC 0
17:51:51 IEA101A SPECIFY SYSTEM PARAMETERS FOR RELEASE 03.8 .VS2
17:51:51 HHC00081I Match at index 01, executing command script scripts/SCR101A_default
17:51:51 HHC01603I script scripts/SCR101A_default
17:51:51 HHC00010A Enter input for console 0:0009
17:51:51 HHC02260I Script 2: begin processing file scripts/SCR101A_default
17:51:55 HHC01603I * IEA101A just to make sure HAO gets it
17:51:55 HHC00081I Match at index 01, executing command script scripts/SCR101A_default
17:51:55 HHC01603I script scripts/SCR101A_default
17:51:55 HHC02260I Script 3: begin processing file scripts/SCR101A_default
17:51:55 HHC00008I /
17:51:55 HHC02264I Script 2: file scripts/SCR101A_default processing ended
17:51:55 HHC00100I Thread id 00005CA8, prio  0, name Read-ahead thread-1 started
17:51:55 HHC00100I Thread id 00005C20, prio  0, name Read-ahead thread-2 started
17:51:55 HHC00100I Thread id 00002C88, prio  0, name Writer thread-1 started
17:51:55 HHC00100I Thread id 00004FDC, prio  0, name Garbage collector started
17:51:55 IEA940I THE FOLLOWING PAGE DATA SETS ARE IN USE
17:51:55  PLPA ... SYS1.PAGELPA
17:51:55  COMMON . SYS1.PAGECSA
17:51:55  DUPLEX . SYS1.DUPLEX
17:51:55  LOCAL .. SYS1.PAGEL01
17:51:55  LOCAL .. SYS1.PAGEL02
17:51:59  IGF992I  MIH INIT COMPLETE, PRI=000300, SEC=000015
17:51:59  IEE360I SMF NOW RECORDING ON SYS1.MANX ON MVSRES TIME=21.51.59
17:51:59  RAKF is based on the ESG Security System
17:51:59  written by Craig J. Yasuna               (Mar 1991)
17:51:59  adapted to MVS 3.8J: A. Philip Dickinson (Aug 2005)
17:51:59                       Phil Roberts        (Apr 2011)
17:51:59                       Juergen Winkelmann  (Apr 2011)
17:51:59  RAKF001I RAKF is now being activated
17:51:59  RCVT WAS PROCESSED SUCCESSFULLY
17:51:59  RAKF003I RAKF is now active
17:51:59  RAKFPROF7  RAKF PROFILES UPDATED
17:51:59  RAKFUIDS4  USER TABLE UPDATED
17:51:59 HHC00008I /
17:51:59 HHC01603I hao tgt HHC00010A
17:51:59 HHC00077I The target was placed at index 3
17:51:59 HHC02264I Script 3: file scripts/SCR101A_default processing ended
17:51:59 HHC01603I hao cmd script scripts/SCR00010A
17:51:59 HHC00077I The command was placed at index 3
17:51:59 HHC00010A Enter input for console 0:0009
17:51:59 HHC00081I Match at index 03, executing command script scripts/SCR00010A
17:51:59 HHC01603I script scripts/SCR00010A
17:51:59 HHC02260I Script 4: begin processing file scripts/SCR00010A
17:52:02 HHC00100I Thread id 00003E48, prio  0, name Writer thread-2 started
17:52:03 HHC00008I /d t
17:52:03 HHC00008I /d t
17:52:03 HHC02264I Script 4: file scripts/SCR00010A processing ended
17:52:03 HHC02264I Script 1: file scripts/ipl.rc processing ended
17:52:03  IEF677I WARNING MESSAGE(S) FOR JOB JES2     ISSUED
17:52:03  $HASP493 JES2  QUICK-START IS IN PROGRESS
17:52:03  $HASP412 MAXIMUM OF 1   READER(S)  EXCEEDED
17:52:03  $HASP412 MAXIMUM OF 1   PUNCH(ES)  EXCEEDED
17:52:03  $HASP412 MAXIMUM OF 3   PRINTER(S) EXCEEDED
17:52:03  IEE341I BSPPILOT NOT ACTIVE
17:52:03  $HASP160 PUNCH1   INACTIVE - CLASS=B
17:52:03  $HASP250 SYSLOG   IS PURGED
17:52:03  $HASP100 BSPPILOT ON STCINRDR
17:52:03  IEE041I THE SYSTEM LOG IS NOW ACTIVE
17:52:03  $HASP373 BSPPILOT STARTED
17:52:03  $HASP100 INIT     ON STCINRDR
17:52:03  $HASP100 INIT     ON STCINRDR
17:52:03  $HASP373 INIT     STARTED
17:52:03  $HASP100 INIT     ON STCINRDR
17:52:03  $HASP373 INIT     STARTED
17:52:03  $HASP100 INIT     ON STCINRDR
17:52:03  $HASP373 INIT     STARTED
17:52:03  $HASP100 INIT     ON STCINRDR
17:52:03  $HASP373 INIT     STARTED
17:52:03  $HASP100 INIT     ON STCINRDR
17:52:03  $HASP373 INIT     STARTED
17:52:03  $HASP100 BSPSETPF ON STCINRDR
17:52:03  $HASP373 INIT     STARTED
17:52:03  $HASP309    INIT  1 INACTIVE ******** C=A
17:52:03  $HASP309    INIT  2 INACTIVE ******** C=BA
17:52:03  $HASP309    INIT  3 INACTIVE ******** C=HBA
17:52:03  $HASP373 BSPSETPF STARTED
17:52:03  $HASP309    INIT  4 INACTIVE ******** C=SHB
17:52:03  $HASP309    INIT  5 INACTIVE ******** C=SBA
17:52:03  $HASP309    INIT  6 INACTIVE ******** C=SC
17:52:03  BSPSP91I - Parms passed: NOREPLYU
17:52:03  BSPSP93I - PFK definitions will be updated in memory
17:52:03  BSPSP22I - Dataset processed: SYS1.PARMLIB
17:52:03  BSPSP23I - on volume MVSRES
17:52:03  BSPSP21I - Member being processed: SETPFK01
17:52:03  +BSPSP98I - Member processed, LASTCC=0000
17:52:03  +BSPSP21I - Member being processed: SETPFK02
17:52:03  +BSPSP98I - Member processed, LASTCC=0000
17:52:03  +BSPSP99I - End of processing, MAXRC=0000
17:52:03  $HASP395 BSPSETPF ENDED
17:52:03  IEE136I  TIME=21.52.03 DATE=24.200
17:52:03  IEE136I  TIME=21.52.03 DATE=24.200
17:52:29  +BSPPILOT - Running script STARTSTD
17:52:29  +BSPRS22I - Dataset processed: SYS1.PARMLIB
17:52:29  +BSPRS23I - on volume MVSRES
17:52:29  +BSPRS08I - PARM NOECHO
17:52:29  IEE302I 480      ONLINE
17:52:29  $HASP100 DYNAMASK ON STCINRDR
17:52:29  $HASP373 DYNAMASK STARTED
17:52:29  IEF403I DYNAMASK - STARTED - TIME=21.52.29
17:52:29  DMSK00I DYNAMASK DONE ****
17:52:29  DMSK06I  START
17:52:29  IEF404I DYNAMASK - ENDED - TIME=21.52.29
17:52:29  $HASP395 DYNAMASK ENDED
17:52:31  $HASP100 NET      ON STCINRDR
17:52:31  $HASP100 TP       ON STCINRDR
17:52:31  $HASP373 NET      STARTED
17:52:31  IEF403I NET - STARTED - TIME=21.52.31
17:52:31  $HASP100 MF1      ON STCINRDR
17:52:31  $HASP373 TP       STARTED
17:52:31  IEF403I TP - STARTED - TIME=21.52.31
17:52:31  $HASP373 MF1      STARTED
17:52:31  IEF403I MF1 - STARTED - TIME=21.52.31
17:52:31  $HASP000 OK
17:52:32 21.52.31           IEF236I ALLOC. FOR JES2 JES2
17:52:32 21.52.31           IEF237I 00E  ALLOCATED TO PRINTER1
17:52:32 21.52.31 STC   28  $HASP150 MF1      ON PRINTER1        13 LINES
17:52:32 21.52.31 STC   28 *$HASP190 MF1      SETUP -- PRINTER1 -- F = 0001 -- C = 6    -- T = QN
17:52:32 21.52.31           $HASP160 PRINTER1 INACTIVE - CLASS=A
17:52:32 21.52.31 STC   28  IRB100I MF/1 IS ACTIVE
17:52:32 21.52.31           IEF236I ALLOC. FOR JES2 JES2
17:52:32 21.52.31           IEF237I 00F  ALLOCATED TO PRINTER2
17:52:32 21.52.31 STC   24  $HASP150 BSPSETPF ON PRINTER2        32 LINES
17:52:32 21.52.31 STC   24 *$HASP190 BSPSETPF SETUP -- PRINTER2 -- F = 0001 -- C = 6    -- T = QN
17:52:32 21.52.31           IEF236I ALLOC. FOR JES2 JES2
17:52:32 21.52.31 STC   24  $HASP250 BSPSETPF IS PURGED
17:52:32 21.52.31 STC   25  $HASP150 DYNAMASK ON PRINTER2        28 LINES
17:52:32 21.52.31           $HASP160 PRINTER2 INACTIVE - CLASS=Z
17:52:32 21.52.31 STC   25  $HASP250 DYNAMASK IS PURGED
17:52:32 21.52.31           IEF237I 002  ALLOCATED TO PRINTER3
17:52:32 21.52.31           $HASP160 PRINTER3 INACTIVE - CLASS=X
17:52:32 21.52.31 STC   26  IST025I  BLDL FAILED FOR IEDIAE   IN VTAMLIB
17:52:32 21.52.31 STC   26  IST025I  BLDL FAILED FOR IEDIAE   IN VTAMLIB
17:52:32 21.52.31 STC   26  IST025I  BLDL FAILED FOR IEDIAE   IN VTAMLIB
17:52:32 21.52.31 STC   26  IST025I  BLDL FAILED FOR IEDIAE   IN VTAMLIB
17:52:32 21.52.31 STC   26  IST025I  BLDL FAILED FOR IEDIAK   IN VTAMLIB
17:52:32 21.52.31 STC   26  IST025I  BLDL FAILED FOR IEDIAK   IN VTAMLIB
17:52:32 21.52.31 STC   26  IST110I  NETWORK SOLICITOR STARTED
17:52:32 21.52.31 STC   26  IST093I  ATSO     ACTIVE
17:52:32 21.52.31 STC   26  IST093I  ASNASOL  ACTIVE
17:52:32 21.52.31 STC   26  IST093I  AJRP     ACTIVE
17:52:32 21.52.31 STC   26  IST093I  L3274    ACTIVE
17:52:32 21.52.31 STC   26  IEA000I 0C0,IOE,05,0200,400000000001,,,NET     ,21.52.31
17:52:32 21.52.32 STC   26  IEA000I 0C1,IOE,05,0200,400000000001,,,NET     ,21.52.32
17:52:32 21.52.32 STC   26  IEA000I 0C2,IOE,05,0200,400000000001,,,NET     ,21.52.32
17:52:32 21.52.32 STC   26  IEA000I 0C3,IOE,05,0200,400000000001,,,NET     ,21.52.32
17:52:32 21.52.32 STC   26  IEA000I 0C4,IOE,05,0200,400000000001,,,NET     ,21.52.32
17:52:32 21.52.32 STC   26  IST093I  L3791    ACTIVE
17:52:32 21.52.32 STC   26  IEA000I 0C5,IOE,05,0200,400000000001,,,NET     ,21.52.32
17:52:32 21.52.32 STC   26  IST093I  S3705    ACTIVE
17:52:32 21.52.32 STC   26  IEA000I 0C6,IOE,05,0200,400000000001,,,NET     ,21.52.32
17:52:32 21.52.32 STC   26  IFL003I  IFLOADRN COMPLETED
17:52:32 21.52.32 STC   26  IST270I  370X N07      NOW LOADED WITH LOADMOD N07
17:52:32 21.52.32 STC   26  IST020I  VTAM INITIALIZATION COMPLETE
17:52:32 21.52.32 STC   29  $HASP100 TSO      ON STCINRDR
17:52:32 21.52.32 STC   29  $HASP373 TSO      STARTED
17:52:32 21.52.32 STC   29  IEF403I TSO - STARTED - TIME=21.52.32
17:52:32 21.52.32 STC   29  IKT007I TCAS ACCEPTING LOGONS
17:52:32 21.52.32 STC   29  IKT005I TCAS IS INITIALIZED
17:52:34 21.52.33 STC   27  IKJ019I TIME SHARING IS INITIALIZED
17:52:36 21.52.35 STC   30  $HASP100 SNASOL   ON STCINRDR
17:52:36 21.52.35 STC   31  $HASP100 JRP      ON STCINRDR
17:52:36 21.52.35 STC   30  $HASP373 SNASOL   STARTED
17:52:36 21.52.35 STC   30  IEF403I SNASOL - STARTED - TIME=21.52.35
17:52:36 21.52.35 STC   31  $HASP373 JRP      STARTED
17:52:36 21.52.35 STC   31  IEF403I JRP - STARTED - TIME=21.52.35
17:52:36 21.52.35 STC   30  +SNASOL - APPLICATION SNASOL   IS UP
17:52:36 21.52.35 STC   31  JRPI101 INITIALIZATION COMPLETE
17:52:36 21.52.35 STC   31  JRP904I - JRP WAITING FOR COMMAND.
17:52:37 21.52.37 STC   26  IFL003I  IFLOADRN COMPLETED
17:52:37 21.52.37 STC   26  IST270I  370X N10      NOW LOADED WITH LOADMOD N10
17:52:37 21.52.37 STC   26  IST093I  N07      ACTIVE
17:52:37 21.52.37 STC   26  IST093I  N07P3    ACTIVE
17:52:37 21.52.37 STC   26  IST093I  N08      ACTIVE
17:52:42 21.52.42 STC   26  IFL003I  IFLOADRN COMPLETED
17:52:42 21.52.42 STC   26  IST270I  370X N12      NOW LOADED WITH LOADMOD N12
17:52:42 21.52.42 STC   26  IST093I  N10      ACTIVE
17:52:42 21.52.42 STC   26  IST093I  N10P3    ACTIVE
17:52:42 21.52.42 STC   26  IST093I  N11      ACTIVE
17:52:47 21.52.47 STC   26  IFL003I  IFLOADRN COMPLETED
17:52:47 21.52.47 STC   26  IST270I  370X N14      NOW LOADED WITH LOADMOD N14
17:52:47 21.52.47 STC   26  IST093I  N12      ACTIVE
17:52:47 21.52.47 STC   26  IST093I  N12P3    ACTIVE
17:52:47 21.52.47 STC   26  IST093I  N13      ACTIVE
17:52:52 21.52.52 STC   26  IST093I  N14      ACTIVE
17:52:52 21.52.52 STC   26  IST093I  N14P3    ACTIVE
17:52:52 21.52.52 STC   26  IST093I  N15      ACTIVE
17:52:56 21.52.55 STC   26  IST097I  VARY     ACCEPTED
17:52:56 21.52.55 STC   26  IST093I  T3767S11 ACTIVE
17:52:56 21.52.55 STC   26  IST097I  VARY     ACCEPTED
17:52:56 21.52.55 STC   26  IST093I  T3767S21 ACTIVE
17:52:56 21.52.55 STC   26  IST097I  VARY     ACCEPTED
17:52:56 21.52.55 STC   26  IST093I  T3767S31 ACTIVE
17:52:56 21.52.55 STC   26  IST097I  VARY     ACCEPTED
17:52:56 21.52.55 STC   26  IST093I  T3767S41 ACTIVE
17:52:56 21.52.55 STC   26  IST097I  VARY     ACCEPTED
17:52:56 21.52.55 STC   26  IST093I  T3278S11 ACTIVE
17:52:56 21.52.55 STC   26  IST097I  VARY     ACCEPTED
17:52:56 21.52.55 STC   26  IST093I  T3278S21 ACTIVE
17:52:56 21.52.55 STC   26  IST097I  VARY     ACCEPTED
17:52:56 21.52.55 STC   26  IST093I  T3278S31 ACTIVE
17:52:56 21.52.55 STC   26  IST097I  VARY     ACCEPTED
17:52:56 21.52.55 STC   26  IST093I  T3278S41 ACTIVE
17:52:56 21.52.55 STC   26  IST097I  VARY     ACCEPTED
17:52:56 21.52.55 STC   26  IST097I  VARY     ACCEPTED
17:52:56 21.52.55 STC   26  IST097I  VARY     ACCEPTED
17:52:56 21.52.55 STC   26  IST097I  VARY     ACCEPTED
17:52:56 21.52.55 STC   26  IST093I  T3767L31 ACTIVE
17:52:56 21.52.55 STC   26  IST093I  T3278L21 ACTIVE
17:52:56 21.52.55 STC   26  IST093I  T3278L11 ACTIVE
17:52:56 21.52.55 STC   26  IST093I  T3767L41 ACTIVE
17:53:01 21.53.00 STC   27  IED160I 3705 T07      LOAD=T07
17:53:04 21.53.03 STC   27  IED160I 3705 T10      LOAD=T10
17:53:07 21.53.06 STC   27  IED160I 3705 T12      LOAD=T12
17:53:10 21.53.09 STC   27  IED160I 3705 T14      LOAD=T14
17:53:14 21.53.13 STC   27  IED382I T07      ACTIVATE COMPLETE
17:53:17 21.53.16 STC   27  IED382I T10      ACTIVATE COMPLETE
17:53:20 21.53.19 STC   27  IED382I T12      ACTIVATE COMPLETE
17:53:23 21.53.22 STC   27  IED382I T14      ACTIVATE COMPLETE
17:53:24 21.53.24 STC   32  $HASP100 INISDSTD ON STCINRDR
17:53:24 21.53.24           MVS038J MVS 3.8j TK4- system initialization complete CN=00
17:53:24 HHC00081I Match at index 00, executing command script scripts/tk4-.rc
17:53:24 HHC01603I script scripts/tk4-.rc
17:53:24 HHC02260I Script 5: begin processing file scripts/tk4-.rc
17:53:24 21.53.24 STC   16  +BSPRS99I - End of processing, MAXRC=0000
17:53:24 21.53.24 STC   32  $HASP373 INISDSTD STARTED
17:53:24 21.53.24 STC   32  IEF403I INISDSTD - STARTED - TIME=21.53.24
17:53:24 21.53.24 STC   32  IEF404I INISDSTD - ENDED - TIME=21.53.24
17:53:24 21.53.24 STC   32  $HASP395 INISDSTD ENDED
17:53:24 21.53.24 STC   32  $HASP150 INISDSTD ON PRINTER2        21 LINES
17:53:24 21.53.24           $HASP160 PRINTER2 INACTIVE - CLASS=Z
17:53:24 21.53.24 STC   32  $HASP250 INISDSTD IS PURGED
17:53:25 HHC01603I script scripts/tk4-_updates.rc
17:53:25 HHC02260I Script 5: begin processing file scripts/tk4-_updates.rc
17:53:25 HHC01603I script scripts/tk4-_updates/01
17:53:25 HHC02260I Script 5: begin processing file scripts/tk4-_updates/01
17:53:25 HHC02264I Script 5: file scripts/tk4-_updates/01 processing ended
17:53:25 HHC01603I script scripts/tk4-_updates/02
17:53:25 HHC02260I Script 5: begin processing file scripts/tk4-_updates/02
17:53:25 HHC02264I Script 5: file scripts/tk4-_updates/02 processing ended
17:53:25 HHC01603I script scripts/tk4-_updates/03
17:53:25 HHC02260I Script 5: begin processing file scripts/tk4-_updates/03
17:53:25 HHC02264I Script 5: file scripts/tk4-_updates/03 processing ended
17:53:25 HHC01603I script scripts/tk4-_updates/04
17:53:25 HHC02260I Script 5: begin processing file scripts/tk4-_updates/04
17:53:25 HHC02264I Script 5: file scripts/tk4-_updates/04 processing ended
17:53:25 HHC01603I script scripts/tk4-_updates/05
17:53:25 HHC02260I Script 5: begin processing file scripts/tk4-_updates/05
17:53:25 HHC02264I Script 5: file scripts/tk4-_updates/05 processing ended
17:53:25 HHC01603I script scripts/tk4-_updates/06
17:53:25 HHC02260I Script 5: begin processing file scripts/tk4-_updates/06
17:53:25 HHC02264I Script 5: file scripts/tk4-_updates/06 processing ended
17:53:25 HHC01603I script scripts/tk4-_updates/07
17:53:25 HHC02260I Script 5: begin processing file scripts/tk4-_updates/07
17:53:25 HHC02264I Script 5: file scripts/tk4-_updates/07 processing ended
17:53:25 HHC01603I script scripts/tk4-_updates/08
17:53:25 HHC02260I Script 5: begin processing file scripts/tk4-_updates/08
17:53:25 HHC02264I Script 5: file scripts/tk4-_updates/08 processing ended
17:53:25 HHC01603I script scripts/tk4-_updates/09
17:53:25 HHC02260I Script 5: begin processing file scripts/tk4-_updates/09
17:53:25 HHC02264I Script 5: file scripts/tk4-_updates/09 processing ended
17:53:25 HHC01603I script scripts/tk4-_updates/10
17:53:25 HHC02260I Script 5: begin processing file scripts/tk4-_updates/10
17:53:25 HHC02264I Script 5: file scripts/tk4-_updates/10 processing ended
17:53:25 HHC02264I Script 5: file scripts/tk4-_updates.rc processing ended
17:53:25 HHC01603I ${LOCALRC:=script scripts/local.rc}
17:53:25 HHC02260I Script 5: begin processing file scripts/local.rc
17:53:25 HHC01603I script local_scripts/01
17:53:25 HHC02260I Script 5: begin processing file local_scripts/01
17:53:25 HHC02264I Script 5: file local_scripts/01 processing ended
17:53:25 HHC01603I script local_scripts/02
17:53:25 HHC02260I Script 5: begin processing file local_scripts/02
17:53:25 HHC02264I Script 5: file local_scripts/02 processing ended
17:53:25 HHC01603I script local_scripts/03
17:53:25 HHC02260I Script 5: begin processing file local_scripts/03
17:53:25 HHC02264I Script 5: file local_scripts/03 processing ended
17:53:25 HHC01603I script local_scripts/04
17:53:25 HHC02260I Script 5: begin processing file local_scripts/04
17:53:25 HHC02264I Script 5: file local_scripts/04 processing ended
17:53:25 HHC01603I script local_scripts/05
17:53:25 HHC02260I Script 5: begin processing file local_scripts/05
17:53:25 HHC02264I Script 5: file local_scripts/05 processing ended
17:53:25 HHC01603I script local_scripts/06
17:53:25 HHC02260I Script 5: begin processing file local_scripts/06
17:53:25 HHC02264I Script 5: file local_scripts/06 processing ended
17:53:25 HHC01603I script local_scripts/07
17:53:25 HHC02260I Script 5: begin processing file local_scripts/07
17:53:25 HHC02264I Script 5: file local_scripts/07 processing ended
17:53:25 HHC01603I script local_scripts/08
17:53:25 HHC02260I Script 5: begin processing file local_scripts/08
17:53:25 HHC02264I Script 5: file local_scripts/08 processing ended
17:53:25 HHC01603I script local_scripts/09
17:53:25 HHC02260I Script 5: begin processing file local_scripts/09
17:53:25 HHC02264I Script 5: file local_scripts/09 processing ended
17:53:25 HHC01603I script local_scripts/10
17:53:25 HHC02260I Script 5: begin processing file local_scripts/10
17:53:25 HHC02264I Script 5: file local_scripts/10 processing ended
17:53:25 HHC02264I Script 5: file scripts/local.rc processing ended
17:53:26 HHC01603I *
17:53:26 HHC01603I *                           ************   ****  *****          ||
17:53:26 HHC01603I *                           **   **   **    **    **           |||
17:53:26 HHC01603I *                           **   **   **    **   **           ||||
17:53:26 HHC01603I *                                **         **  **           || ||
17:53:26 HHC01603I *        |l      _,,,---,,_      **         ** **           ||  ||
17:53:26 HHC01603I * ZZZzz /,'.-'`'    -.  ;-;;,    **         ****           ||   ||
17:53:26 HHC01603I *      |,4-  ) )-,_. ,( (  ''-'  **         *****         ||    ||
17:53:26 HHC01603I *     '---''(_/--'  `-')_)       **         **  **       ||     ||    ||||||||||
17:53:26 HHC01603I *                                **         **   **      |||||||||||  Update 08
17:53:26 HHC01603I *       The MVS 3.8j             **         **    **            ||
17:53:26 HHC01603I *     Tur(n)key System           **         **     **           ||
17:53:26 HHC01603I *                              ******      ****     ***       ||||||
17:53:26 HHC01603I *
17:53:26 HHC01603I *            TK3 created by Volker Bandke       vbandke@bsp-gmbh.com
17:53:26 HHC01603I *            TK4- update by Juergen Winkelmann  winkelmann@id.ethz.ch
17:53:26 HHC01603I *                     see TK4-.CREDITS for complete credits
17:53:26 HHC01603I *
17:53:26 HHC02264I Script 5: file scripts/tk4-.rc processing ended
17:58:04 HHC01018I 0:00C0 COMM: client 192.168.0.183 devtype 3270: connected
18:07:32 22.07.31 STC   28  $HASP150 MF1      ON PRINTER1       213 LINES
18:07:32 22.07.31 STC   28  IRB101I MF/1 REPORT AVAILABLE FOR PRINTING
18:07:32 22.07.31           $HASP160 PRINTER1 INACTIVE - CLASS=A
18:07:57 22.07.57           LGN001I TSO logon in progress at VTAM terminal CUU0C0
18:09:02 22.09.01 TSU    2  $HASP100 HERC01   ON TSOINRDR
18:09:02 22.09.01 TSU    2  $HASP373 HERC01   STARTED
18:09:02 22.09.01 TSU    2  IEF125I HERC01 - LOGGED ON - TIME=22.09.01
18:15:55 22.15.55 TSU    2  IEF126I HERC01 - LOGGED OFF - TIME=22.15.55
18:15:55 22.15.55 TSU    2  $HASP395 HERC01   ENDED
18:15:55 22.15.55 TSU    2  $HASP150 HERC01   ON PRINTER2        72 LINES
18:15:55 22.15.55           $HASP160 PRINTER2 INACTIVE - CLASS=Z
18:15:55 22.15.55 TSU    2  $HASP250 HERC01   IS PURGED
18:16:46 HHC01603I exit
18:16:46 HHC01420I Begin Hercules shutdown
18:16:46 HHC01423I Calling termination routines
18:16:46 HHC00101I Thread id 00001EB0, prio  0, name Hercules Automatic Operator ended
18:16:46 HHC02272I Highest observed MIPS and IO/s rates
18:16:46 HHC02272I   from Thu Jul 18 00:00:00 2024
18:16:46 HHC02272I     to Thu Jul 18 18:16:46 2024
18:16:46 HHC02272I   MIPS: 31.816699  IO/s: 1636
18:16:46 HHC00101I Thread id 000073D4, prio  0, name Socket device listener ended
18:16:46 HHC00101I Thread id 00006020, prio -20, name Timer ended
18:16:46 HHC00101I Thread id 00000F44, prio  0, name HTTP server ended
18:16:46 HHC00101I Thread id 0000312C, prio 15, name Processor CP00 ended
18:16:46 HHC00101I Thread id 00006A64, prio 15, name Processor CP01 ended
18:16:46 HHC01465I 0:0002 device detached
18:16:46 HHC01465I 0:000E device detached
18:16:46 HHC01465I 0:000C device detached
18:16:46 HHC01465I 0:000D device detached
18:16:46 HHC01465I 0:0480 device detached
18:16:46 HHC01465I 0:010C device detached
18:16:46 HHC01465I 0:010D device detached
18:16:46 HHC01465I 0:000F device detached
18:16:46 HHC01465I 0:030E device detached
18:16:46 HHC01465I 0:0009 device detached
18:16:46 HHC01465I 0:00C0 device detached
18:16:46 HHC01465I 0:00C1 device detached
18:16:46 HHC01465I 0:00C2 device detached
18:16:46 HHC01465I 0:00C3 device detached
18:16:46 HHC01465I 0:00C4 device detached
18:16:46 HHC01465I 0:00C5 device detached
18:16:46 HHC01465I 0:00C6 device detached
18:16:46 HHC01465I 0:00C7 device detached
18:16:46 HHC01465I 0:03C0 device detached
18:16:46 HHC01465I 0:03C1 device detached
18:16:46 HHC01465I 0:03C2 device detached
18:16:46 HHC01465I 0:03C3 device detached
18:16:46 HHC01465I 0:03C4 device detached
18:16:46 HHC01465I 0:03C5 device detached
18:16:46 HHC01465I 0:03C6 device detached
18:16:46 HHC00101I Thread id 0000315C, prio  0, name Console connection ended
18:16:46 HHC01465I 0:03C7 device detached
18:16:46 HHC01465I 0:0610 device detached
18:16:46 HHC01465I 0:0611 device detached
18:16:46 HHC01465I 0:0660 device detached
18:16:46 HHC01465I 0:0661 device detached
18:16:46 HHC01465I 0:0662 device detached
18:16:46 HHC01465I 0:0663 device detached
18:16:46 HHC01465I 0:0664 device detached
18:16:46 HHC01465I 0:0665 device detached
18:16:46 HHC01465I 0:0666 device detached
18:16:46 HHC01465I 0:0667 device detached
18:16:46 HHC01465I 0:0668 device detached
18:16:46 HHC01465I 0:0669 device detached
18:16:46 HHC01465I 0:066A device detached
18:16:46 HHC01465I 0:066B device detached
18:16:46 HHC00101I Thread id 00005794, prio  0, name 0:0670 communication thread ended
18:16:46 HHC01465I 0:0670 device detached
18:16:46 HHC00101I Thread id 00005808, prio  0, name 0:0671 communication thread ended
18:16:46 HHC01465I 0:0671 device detached
18:16:46 HHC00101I Thread id 0000555C, prio  0, name 0:0672 communication thread ended
18:16:46 HHC01465I 0:0672 device detached
18:16:46 HHC00101I Thread id 00003250, prio  0, name 0:0673 communication thread ended
18:16:46 HHC01465I 0:0673 device detached
18:16:46 HHC00101I Thread id 00006664, prio  0, name 0:0680 communication thread ended
18:16:46 HHC01465I 0:0680 device detached
18:16:46 HHC00101I Thread id 00000964, prio  0, name 0:0681 communication thread ended
18:16:46 HHC01465I 0:0681 device detached
18:16:46 HHC00101I Thread id 00004934, prio  0, name 0:0682 communication thread ended
18:16:46 HHC01465I 0:0682 device detached
18:16:46 HHC00101I Thread id 00000210, prio  0, name 0:0683 communication thread ended
18:16:46 HHC01465I 0:0683 device detached
18:16:46 HHC00101I Thread id 00004AC8, prio  0, name 0:0688 communication thread ended
18:16:46 HHC01465I 0:0688 device detached
18:16:46 HHC00101I Thread id 00005E40, prio  0, name 0:0689 communication thread ended
18:16:46 HHC01465I 0:0689 device detached
18:16:46 HHC00101I Thread id 000035BC, prio  0, name 0:068A communication thread ended
18:16:46 HHC01465I 0:068A device detached
18:16:46 HHC00101I Thread id 00006628, prio  0, name 0:068B communication thread ended
18:16:46 HHC01465I 0:068B device detached
18:16:46 HHC00101I Thread id 0000305C, prio  0, name 0:068C communication thread ended
18:16:46 HHC01465I 0:068C device detached
18:16:46 HHC00101I Thread id 00004778, prio  0, name 0:068D communication thread ended
18:16:46 HHC01465I 0:068D device detached
18:16:46 HHC00101I Thread id 00006A0C, prio  0, name 0:068E communication thread ended
18:16:46 HHC01465I 0:068E device detached
18:16:46 HHC00101I Thread id 00002C60, prio  0, name 0:068F communication thread ended
18:16:46 HHC01465I 0:068F device detached
18:16:46 HHC00333I 0:0152           size free  nbr st   reads  writes l2reads    hits switches
18:16:46 HHC00334I 0:0152                                                  readaheads   misses
18:16:46 HHC00335I 0:0152 --------------------------------------------------------------------
18:16:46 HHC00336I 0:0152 [*] 0001150056 023% 0001    0000098 0071111 0000030 0000227  0000315
18:16:46 HHC00337I 0:0152                                                     0000010  0000008
18:16:46 HHC00338I 0:0152 dasd/hasp00.152
18:16:46 HHC00339I 0:0152 [0] 0001150056 023% 0001 rw 0000098 0071111 0000030
18:16:46 HHC01465I 0:0152 device detached
18:16:46 HHC00333I 0:0191           size free  nbr st   reads  writes l2reads    hits switches
18:16:46 HHC00334I 0:0191                                                  readaheads   misses
18:16:46 HHC00335I 0:0191 --------------------------------------------------------------------
18:16:46 HHC00336I 0:0191 [*] 0007622381 027% 0001    0000004 0000408 0000003 0000003  0000008
18:16:46 HHC00337I 0:0191                                                     0000000  0000001
18:16:46 HHC00338I 0:0191 dasd/mvscat.191
18:16:46 HHC00339I 0:0191 [0] 0007622381 027% 0001 rw 0000004 0000408 0000003
18:16:46 HHC01465I 0:0191 device detached
18:16:46 HHC00333I 0:0248           size free  nbr st   reads  writes l2reads    hits switches
18:16:46 HHC00334I 0:0248                                                  readaheads   misses
18:16:46 HHC00335I 0:0248 --------------------------------------------------------------------
18:16:46 HHC00336I 0:0248 [*] 0018405193 004% 0046    0000066 0017509 0000037 0002745  0002780
18:16:46 HHC00337I 0:0248                                                     0000035  0000004
18:16:46 HHC00338I 0:0248 dasd/mvsdlb.248
18:16:46 HHC00339I 0:0248 [0] 0018405193 004% 0046 rw 0000066 0017509 0000037
18:16:46 HHC01465I 0:0248 device detached
18:16:46 HHC00333I 0:0148           size free  nbr st   reads  writes l2reads    hits switches
18:16:46 HHC00334I 0:0148                                                  readaheads   misses
18:16:46 HHC00335I 0:0148 --------------------------------------------------------------------
18:16:46 HHC00336I 0:0148 [*] 0017770879 005% 0006    0000469 0015973 0000025 0001992  0002381
18:16:46 HHC00337I 0:0148                                                     0000096  0000020
18:16:46 HHC00338I 0:0148 dasd/mvsres.148
18:16:46 HHC00339I 0:0148 [0] 0017770879 005% 0006 rw 0000469 0015973 0000025
18:16:46 HHC01465I 0:0148 device detached
18:16:46 HHC00333I 0:0160           size free  nbr st   reads  writes l2reads    hits switches
18:16:46 HHC00334I 0:0160                                                  readaheads   misses
18:16:46 HHC00335I 0:0160 --------------------------------------------------------------------
18:16:46 HHC00336I 0:0160 [*] 0005254041 018% 0012    0000451 0128500 0000033 0000339  0000598
18:16:46 HHC00337I 0:0160                                                     0000192  0000040
18:16:46 HHC00338I 0:0160 dasd/page00.160
18:16:46 HHC00339I 0:0160 [0] 0005254041 018% 0012 rw 0000451 0128500 0000033
18:16:46 HHC01465I 0:0160 device detached
18:16:46 HHC00333I 0:0161           size free  nbr st   reads  writes l2reads    hits switches
18:16:46 HHC00334I 0:0161                                                  readaheads   misses
18:16:46 HHC00335I 0:0161 --------------------------------------------------------------------
18:16:46 HHC00336I 0:0161 [*] 0004927528 011% 0010    0000743 0138776 0000033 0000495  0001074
18:16:46 HHC00337I 0:0161                                                     0000164  0000050
18:16:46 HHC00338I 0:0161 dasd/page01.161
18:16:46 HHC00339I 0:0161 [0] 0004927528 011% 0010 rw 0000743 0138776 0000033
18:16:46 HHC01465I 0:0161 device detached
18:16:46 HHC00333I 0:0240           size free  nbr st   reads  writes l2reads    hits switches
18:16:46 HHC00334I 0:0240                                                  readaheads   misses
18:16:46 HHC00335I 0:0240 --------------------------------------------------------------------
18:16:46 HHC00336I 0:0240 [*] 0014764040 010% 0003    0000194 0016048 0000017 0000243  0000413
18:16:46 HHC00337I 0:0240                                                     0000026  0000036
18:16:46 HHC00338I 0:0240 dasd/pub000.240
18:16:46 HHC00339I 0:0240 [0] 0014764040 010% 0003 rw 0000194 0016048 0000017
18:16:46 HHC01465I 0:0240 device detached
18:16:46 HHC00333I 0:0241           size free  nbr st   reads  writes l2reads    hits switches
18:16:46 HHC00334I 0:0241                                                  readaheads   misses
18:16:46 HHC00335I 0:0241 --------------------------------------------------------------------
18:16:46 HHC00336I 0:0241 [*] 0001866993 043% 0001    0000007 0000451 0000001 0000015  0000022
18:16:46 HHC00337I 0:0241                                                     0000000  0000001
18:16:46 HHC00338I 0:0241 dasd/pub010.241
18:16:46 HHC00339I 0:0241 [0] 0001866993 043% 0001 rw 0000007 0000451 0000001
18:16:46 HHC01465I 0:0241 device detached
18:16:46 HHC00333I 0:0270           size free  nbr st   reads  writes l2reads    hits switches
18:16:46 HHC00334I 0:0270                                                  readaheads   misses
18:16:46 HHC00335I 0:0270 --------------------------------------------------------------------
18:16:46 HHC00336I 0:0270 [*] 0003722769 000% 0000    0000013 0000194 0000002 0000020  0000032
18:16:46 HHC00337I 0:0270                                                     0000001  0000001
18:16:46 HHC00338I 0:0270 dasd/pub001.270
18:16:46 HHC00339I 0:0270 [0] 0003722769 000% 0000 rw 0000013 0000194 0000002
18:16:46 HHC01465I 0:0270 device detached
18:16:46 HHC00333I 0:0271           size free  nbr st   reads  writes l2reads    hits switches
18:16:46 HHC00335I 0:0271 --------------------------------------------------------------------
18:16:46 HHC00336I 0:0271 [*] 0000287052 000% 0000    0000003 0000000 0000001 0000000  0000003
18:16:46 HHC00338I 0:0271 dasd/pub011.271
18:16:46 HHC00339I 0:0271 [0] 0000287052 000% 0000 rw 0000003 0000000 0000001
18:16:46 HHC01465I 0:0271 device detached
18:16:46 HHC00333I 0:0280           size free  nbr st   reads  writes l2reads    hits switches
18:16:46 HHC00335I 0:0280 --------------------------------------------------------------------
18:16:46 HHC00336I 0:0280 [*] 0025640608 004% 0010    0000005 0000000 0000001 0000000  0000005
18:16:46 HHC00338I 0:0280 dasd/pub002.280
18:16:46 HHC00339I 0:0280 [0] 0025640608 004% 0010 rw 0000005 0000000 0000001
18:16:46 HHC01465I 0:0280 device detached
18:16:46 HHC00333I 0:0281           size free  nbr st   reads  writes l2reads    hits switches
18:16:46 HHC00335I 0:0281 --------------------------------------------------------------------
18:16:46 HHC00336I 0:0281 [*] 0017422388 006% 0008    0000003 0000000 0000001 0000000  0000003
18:16:46 HHC00338I 0:0281 dasd/pub012.281
18:16:46 HHC00339I 0:0281 [0] 0017422388 006% 0008 rw 0000003 0000000 0000001
18:16:46 HHC01465I 0:0281 device detached
18:16:46 HHC00333I 0:0290           size free  nbr st   reads  writes l2reads    hits switches
18:16:46 HHC00334I 0:0290                                                  readaheads   misses
18:16:46 HHC00335I 0:0290 --------------------------------------------------------------------
18:16:46 HHC00336I 0:0290 [*] 0015612916 000% 0000    0000006 0000305 0000003 0000010  0000016
18:16:46 HHC00337I 0:0290                                                     0000000  0000001
18:16:46 HHC00338I 0:0290 dasd/pub003.290
18:16:46 HHC00339I 0:0290 [0] 0015612916 000% 0000 rw 0000006 0000305 0000003
18:16:46 HHC01465I 0:0290 device detached
18:16:46 HHC00333I 0:0291           size free  nbr st   reads  writes l2reads    hits switches
18:16:46 HHC00335I 0:0291 --------------------------------------------------------------------
18:16:46 HHC00336I 0:0291 [*] 0023660484 004% 0004    0000003 0000000 0000001 0000000  0000003
18:16:46 HHC00338I 0:0291 dasd/pub013.291
18:16:46 HHC00339I 0:0291 [0] 0023660484 004% 0004 rw 0000003 0000000 0000001
18:16:46 HHC01465I 0:0291 device detached
18:16:46 HHC00333I 0:0149           size free  nbr st   reads  writes l2reads    hits switches
18:16:46 HHC00334I 0:0149                                                  readaheads   misses
18:16:46 HHC00335I 0:0149 --------------------------------------------------------------------
18:16:46 HHC00336I 0:0149 [*] 0000503993 000% 0000    0000003 0000000 0000001 0000000  0000003
18:16:46 HHC00337I 0:0149                                                     0000000  0000001
18:16:46 HHC00338I 0:0149 dasd/smp001.149
18:16:46 HHC00339I 0:0149 [0] 0000503993 000% 0000 rw 0000003 0000000 0000001
18:16:46 HHC01465I 0:0149 device detached
18:16:46 HHC00333I 0:014A           size free  nbr st   reads  writes l2reads    hits switches
18:16:46 HHC00335I 0:014A --------------------------------------------------------------------
18:16:46 HHC00336I 0:014A [*] 0000656220 000% 0000    0000003 0000000 0000001 0000000  0000003
18:16:46 HHC00338I 0:014A dasd/smp002.14a
18:16:46 HHC00339I 0:014A [0] 0000656220 000% 0000 rw 0000003 0000000 0000001
18:16:46 HHC01465I 0:014A device detached
18:16:46 HHC00333I 0:014B           size free  nbr st   reads  writes l2reads    hits switches
18:16:46 HHC00335I 0:014B --------------------------------------------------------------------
18:16:46 HHC00336I 0:014B [*] 0000178625 000% 0000    0000003 0000000 0000001 0000000  0000003
18:16:46 HHC00338I 0:014B dasd/smp003.14b
18:16:46 HHC00339I 0:014B [0] 0000178625 000% 0000 rw 0000003 0000000 0000001
18:16:46 HHC01465I 0:014B device detached
18:16:46 HHC00333I 0:014C           size free  nbr st   reads  writes l2reads    hits switches
18:16:46 HHC00335I 0:014C --------------------------------------------------------------------
18:16:46 HHC00336I 0:014C [*] 0003056965 041% 0002    0000003 0000000 0000001 0000000  0000003
18:16:46 HHC00338I 0:014C dasd/smp004.14c
18:16:46 HHC00339I 0:014C [0] 0003056965 041% 0002 rw 0000003 0000000 0000001
18:16:46 HHC01465I 0:014C device detached
18:16:46 HHC00333I 0:0131           size free  nbr st   reads  writes l2reads    hits switches
18:16:46 HHC00335I 0:0131 --------------------------------------------------------------------
18:16:46 HHC00336I 0:0131 [*] 0000070681 000% 0000    0000003 0000000 0000001 0000000  0000003
18:16:46 HHC00338I 0:0131 dasd/sort01.131
18:16:46 HHC00339I 0:0131 [0] 0000070681 000% 0000 rw 0000003 0000000 0000001
18:16:46 HHC01465I 0:0131 device detached
18:16:46 HHC00333I 0:0132           size free  nbr st   reads  writes l2reads    hits switches
18:16:46 HHC00335I 0:0132 --------------------------------------------------------------------
18:16:46 HHC00336I 0:0132 [*] 0000009334 000% 0000    0000003 0000000 0000001 0000000  0000003
18:16:46 HHC00338I 0:0132 dasd/sort02.132
18:16:46 HHC00339I 0:0132 [0] 0000009334 000% 0000 rw 0000003 0000000 0000001
18:16:46 HHC01465I 0:0132 device detached
18:16:46 HHC00333I 0:0133           size free  nbr st   reads  writes l2reads    hits switches
18:16:46 HHC00335I 0:0133 --------------------------------------------------------------------
18:16:46 HHC00336I 0:0133 [*] 0000045005 000% 0000    0000003 0000000 0000001 0000000  0000003
18:16:46 HHC00338I 0:0133 dasd/sort03.133
18:16:46 HHC00339I 0:0133 [0] 0000045005 000% 0000 rw 0000003 0000000 0000001
18:16:46 HHC01465I 0:0133 device detached
18:16:46 HHC00333I 0:0134           size free  nbr st   reads  writes l2reads    hits switches
18:16:46 HHC00335I 0:0134 --------------------------------------------------------------------
18:16:46 HHC00336I 0:0134 [*] 0000005599 000% 0000    0000003 0000000 0000001 0000000  0000003
18:16:46 HHC00338I 0:0134 dasd/sort04.134
18:16:46 HHC00339I 0:0134 [0] 0000005599 000% 0000 rw 0000003 0000000 0000001
18:16:46 HHC01465I 0:0134 device detached
18:16:46 HHC00333I 0:0135           size free  nbr st   reads  writes l2reads    hits switches
18:16:46 HHC00335I 0:0135 --------------------------------------------------------------------
18:16:46 HHC00336I 0:0135 [*] 0000041727 000% 0000    0000003 0000000 0000001 0000000  0000003
18:16:46 HHC00338I 0:0135 dasd/sort05.135
18:16:46 HHC00339I 0:0135 [0] 0000041727 000% 0000 rw 0000003 0000000 0000001
18:16:46 HHC01465I 0:0135 device detached
18:16:46 HHC00333I 0:0136           size free  nbr st   reads  writes l2reads    hits switches
18:16:46 HHC00335I 0:0136 --------------------------------------------------------------------
18:16:46 HHC00336I 0:0136 [*] 0000005599 000% 0000    0000003 0000000 0000001 0000000  0000003
18:16:46 HHC00338I 0:0136 dasd/sort06.136
18:16:46 HHC00339I 0:0136 [0] 0000005599 000% 0000 rw 0000003 0000000 0000001
18:16:46 HHC01465I 0:0136 device detached
18:16:46 HHC00333I 0:0140           size free  nbr st   reads  writes l2reads    hits switches
18:16:46 HHC00335I 0:0140 --------------------------------------------------------------------
18:16:46 HHC00336I 0:0140 [*] 0001676929 046% 0003    0000003 0000000 0000001 0000000  0000003
18:16:46 HHC00338I 0:0140 dasd/work00.140
18:16:46 HHC00339I 0:0140 [0] 0001676929 046% 0003 rw 0000003 0000000 0000001
18:16:46 HHC01465I 0:0140 device detached
18:16:46 HHC00333I 0:0170           size free  nbr st   reads  writes l2reads    hits switches
18:16:46 HHC00335I 0:0170 --------------------------------------------------------------------
18:16:46 HHC00336I 0:0170 [*] 0000009741 000% 0000    0000003 0000000 0000001 0000000  0000003
18:16:46 HHC00338I 0:0170 dasd/work01.170
18:16:46 HHC00339I 0:0170 [0] 0000009741 000% 0000 rw 0000003 0000000 0000001
18:16:46 HHC01465I 0:0170 device detached
18:16:46 HHC00333I 0:0180           size free  nbr st   reads  writes l2reads    hits switches
18:16:46 HHC00335I 0:0180 --------------------------------------------------------------------
18:16:46 HHC00336I 0:0180 [*] 0000090846 000% 0000    0000003 0000000 0000001 0000000  0000003
18:16:46 HHC00338I 0:0180 dasd/work02.180
18:16:46 HHC00339I 0:0180 [0] 0000090846 000% 0000 rw 0000003 0000000 0000001
18:16:46 HHC01465I 0:0180 device detached
18:16:46 HHC00333I 0:0190           size free  nbr st   reads  writes l2reads    hits switches
18:16:46 HHC00335I 0:0190 --------------------------------------------------------------------
18:16:46 HHC00336I 0:0190 [*] 0049477921 002% 0025    0000003 0000000 0000001 0000000  0000003
18:16:46 HHC00338I 0:0190 dasd/work03.190
18:16:46 HHC00339I 0:0190 [0] 0049477921 002% 0025 rw 0000003 0000000 0000001
18:16:46 HHC00101I Thread id 00005C20, prio  0, name Read-ahead thread-2 ended
18:16:46 HHC00101I Thread id 00005CA8, prio  0, name Read-ahead thread-1 ended
18:16:46 HHC00101I Thread id 00004FDC, prio  0, name Garbage collector ended
18:16:46 HHC00101I Thread id 00003E48, prio  0, name Writer thread-2 ended
18:16:46 HHC00101I Thread id 00002C88, prio  0, name Writer thread-1 ended
18:16:46 HHC01465I 0:0190 device detached
18:16:46 HHC01427I Main storage released
18:16:46 HHC01427I Expanded storage released
18:16:46 HHC01422I Configuration released
18:16:46 HHC01424I All termination routines complete
18:16:46 HHC02103I Logger: logger thread terminating
